#
# There is insufficient memory for the Java Runtime Environment to continue.
# Native memory allocation (malloc) failed to allocate 374368 bytes. Error detail: Chunk::new
# Possible reasons:
#   The system is out of physical RAM or swap space
#   This process is running with CompressedOops enabled, and the Java Heap may be blocking the growth of the native heap
# Possible solutions:
#   Reduce memory load on the system
#   Increase physical memory or swap space
#   Check if swap backing store is full
#   Decrease Java heap size (-Xmx/-Xms)
#   Decrease number of Java threads
#   Decrease Java thread stack sizes (-Xss)
#   Set larger code cache with -XX:ReservedCodeCacheSize=
#   JVM is running with Unscaled Compressed Oops mode in which the Java heap is
#     placed in the first 4GB address space. The Java Heap base address is the
#     maximum limit for the native heap growth. Please use -XX:HeapBaseMinAddress
#     to set the Java Heap base and to place the Java Heap above 4GB virtual address.
# This output file may be truncated or incomplete.
#
#  Out of Memory Error (arena.cpp:168), pid=15964, tid=7728
#
# JRE version: OpenJDK Runtime Environment Temurin-21.0.9+10 (21.0.9+10) (build 21.0.9+10-LTS)
# Java VM: OpenJDK 64-Bit Server VM Temurin-21.0.9+10 (21.0.9+10-LTS, mixed mode, sharing, tiered, compressed oops, compressed class ptrs, parallel gc, windows-amd64)
# No core dump will be written. Minidumps are not enabled by default on client versions of Windows
#

---------------  S U M M A R Y ------------

Command Line: --add-modules=ALL-SYSTEM --add-opens=java.base/java.util=ALL-UNNAMED --add-opens=java.base/java.lang=ALL-UNNAMED --add-opens=java.base/sun.nio.fs=ALL-UNNAMED -Declipse.application=org.eclipse.jdt.ls.core.id1 -Dosgi.bundles.defaultStartLevel=4 -Declipse.product=org.eclipse.jdt.ls.core.product -Djava.import.generatesMetadataFilesAtProjectRoot=false -DDetectVMInstallationsJob.disabled=true -Dfile.encoding=utf8 -XX:+UseParallelGC -XX:GCTimeRatio=4 -XX:AdaptiveSizePolicyWeight=90 -Dsun.zip.disableMemoryMapping=true -Xmx2G -Xms100m -Xlog:disable -javaagent:c:\Users\DELL\.cursor\extensions\redhat.java-1.50.0-win32-x64\lombok\lombok-1.18.39-4050.jar -XX:+HeapDumpOnOutOfMemoryError -XX:HeapDumpPath=c:\Users\DELL\AppData\Roaming\Cursor\User\workspaceStorage\5e175172b84a846027778c04907af16c\redhat.java -Daether.dependencyCollector.impl=bf c:\Users\DELL\.cursor\extensions\redhat.java-1.50.0-win32-x64\server\plugins\org.eclipse.equinox.launcher_1.7.100.v20251111-0406.jar -configuration c:\Users\DELL\AppData\Roaming\Cursor\User\globalStorage\redhat.java\1.50.0\config_win -data c:\Users\DELL\AppData\Roaming\Cursor\User\workspaceStorage\5e175172b84a846027778c04907af16c\redhat.java\jdt_ws --pipe=\\.\pipe\lsp-585298a0dd5246b5488ea797b4a0e7b9-sock

Host: Intel(R) Core(TM) i3-3110M CPU @ 2.40GHz, 4 cores, 3G,  Windows 10 , 64 bit Build 19041 (10.0.19041.5915)
Time: Thu Dec 11 02:05:23 2025 E. Africa Standard Time elapsed time: 35.989993 seconds (0d 0h 0m 35s)

---------------  T H R E A D  ---------------

Current thread (0x00000200ec91fc10):  JavaThread "C2 CompilerThread0" daemon [_thread_in_native, id=7728, stack(0x000000418e900000,0x000000418ea00000) (1024K)]


Current CompileTask:
C2:35990 3952       4       java.lang.Object::toString (36 bytes)

Stack: [0x000000418e900000,0x000000418ea00000]
Native frames: (J=compiled Java code, j=interpreted, Vv=VM code, C=native code)
V  [jvm.dll+0x6d6e29]
V  [jvm.dll+0x8b4b76]
V  [jvm.dll+0x8b712e]
V  [jvm.dll+0x8b7813]
V  [jvm.dll+0x283d86]
V  [jvm.dll+0xc66ed]
V  [jvm.dll+0xc6c31]
V  [jvm.dll+0x3be53b]
V  [jvm.dll+0x38ab92]
V  [jvm.dll+0x389fda]
V  [jvm.dll+0x24bfa0]
V  [jvm.dll+0x24b580]
V  [jvm.dll+0x1cb13e]
V  [jvm.dll+0x25b29d]
V  [jvm.dll+0x25982a]
V  [jvm.dll+0x3f7ea6]
V  [jvm.dll+0x85e9ad]
V  [jvm.dll+0x6d565d]
C  [ucrtbase.dll+0x21bb2]
C  [KERNEL32.DLL+0x17374]
C  [ntdll.dll+0x4cc91]


---------------  P R O C E S S  ---------------

Threads class SMR info:
_java_thread_list=0x00000200ca1d76d0, length=23, elements={
0x00000200eca256f0, 0x00000200ec90eaa0, 0x00000200ec910300, 0x00000200ec911e80,
0x00000200ec912d90, 0x00000200ec913ca0, 0x00000200ec915900, 0x00000200ec91fc10,
0x00000200ec98f9c0, 0x00000200c91582c0, 0x00000200c92c2280, 0x00000200c9293740,
0x00000200c9139a00, 0x00000200c96c5950, 0x00000200c96c5fb0, 0x00000200c9c0e500,
0x00000200ec974420, 0x00000200c9e68c10, 0x00000200c9e69930, 0x00000200c9e69fc0,
0x00000200c9e67ef0, 0x00000200c9e6a650, 0x00000200c9e671d0
}

Java Threads: ( => current thread )
  0x00000200eca256f0 JavaThread "main"                              [_thread_blocked, id=11920, stack(0x000000418df00000,0x000000418e000000) (1024K)]
  0x00000200ec90eaa0 JavaThread "Reference Handler"          daemon [_thread_blocked, id=10512, stack(0x000000418e300000,0x000000418e400000) (1024K)]
  0x00000200ec910300 JavaThread "Finalizer"                  daemon [_thread_blocked, id=8300, stack(0x000000418e400000,0x000000418e500000) (1024K)]
  0x00000200ec911e80 JavaThread "Signal Dispatcher"          daemon [_thread_blocked, id=13812, stack(0x000000418e500000,0x000000418e600000) (1024K)]
  0x00000200ec912d90 JavaThread "Attach Listener"            daemon [_thread_blocked, id=13020, stack(0x000000418e600000,0x000000418e700000) (1024K)]
  0x00000200ec913ca0 JavaThread "Service Thread"             daemon [_thread_blocked, id=14428, stack(0x000000418e700000,0x000000418e800000) (1024K)]
  0x00000200ec915900 JavaThread "Monitor Deflation Thread"   daemon [_thread_blocked, id=15600, stack(0x000000418e800000,0x000000418e900000) (1024K)]
=>0x00000200ec91fc10 JavaThread "C2 CompilerThread0"         daemon [_thread_in_native, id=7728, stack(0x000000418e900000,0x000000418ea00000) (1024K)]
  0x00000200ec98f9c0 JavaThread "C1 CompilerThread0"         daemon [_thread_blocked, id=7876, stack(0x000000418ea00000,0x000000418eb00000) (1024K)]
  0x00000200c91582c0 JavaThread "Common-Cleaner"             daemon [_thread_blocked, id=16380, stack(0x000000418eb00000,0x000000418ec00000) (1024K)]
  0x00000200c92c2280 JavaThread "Notification Thread"        daemon [_thread_blocked, id=12536, stack(0x000000418ec00000,0x000000418ed00000) (1024K)]
  0x00000200c9293740 JavaThread "Active Thread: Equinox Container: dc63cb3a-f66f-43bc-b033-78fd4bd68b47"        [_thread_blocked, id=14292, stack(0x000000418f000000,0x000000418f100000) (1024K)]
  0x00000200c9139a00 JavaThread "Refresh Thread: Equinox Container: dc63cb3a-f66f-43bc-b033-78fd4bd68b47" daemon [_thread_blocked, id=15548, stack(0x000000418f100000,0x000000418f200000) (1024K)]
  0x00000200c96c5950 JavaThread "Framework Event Dispatcher: Equinox Container: dc63cb3a-f66f-43bc-b033-78fd4bd68b47" daemon [_thread_blocked, id=12688, stack(0x000000418f200000,0x000000418f300000) (1024K)]
  0x00000200c96c5fb0 JavaThread "Start Level: Equinox Container: dc63cb3a-f66f-43bc-b033-78fd4bd68b47" daemon [_thread_in_Java, id=15152, stack(0x000000418f300000,0x000000418f400000) (1024K)]
  0x00000200c9c0e500 JavaThread "Bundle File Closer"         daemon [_thread_blocked, id=8104, stack(0x000000418f400000,0x000000418f500000) (1024K)]
  0x00000200ec974420 JavaThread "SCR Component Actor"        daemon [_thread_blocked, id=8812, stack(0x000000418f500000,0x000000418f600000) (1024K)]
  0x00000200c9e68c10 JavaThread "Worker-JM"                         [_thread_blocked, id=2320, stack(0x000000418f600000,0x000000418f700000) (1024K)]
  0x00000200c9e69930 JavaThread "JNA Cleaner"                daemon [_thread_blocked, id=5904, stack(0x000000418f700000,0x000000418f800000) (1024K)]
  0x00000200c9e69fc0 JavaThread "Worker-0: Updating Maven Dependencies"        [_thread_in_native, id=10976, stack(0x000000418f800000,0x000000418f900000) (1024K)]
  0x00000200c9e67ef0 JavaThread "Worker-1: Repository registry initialization"        [_thread_blocked, id=16960, stack(0x000000418f900000,0x000000418fa00000) (1024K)]
  0x00000200c9e6a650 JavaThread "Worker-2"                          [_thread_blocked, id=72, stack(0x000000418fa00000,0x000000418fb00000) (1024K)]
  0x00000200c9e671d0 JavaThread "Worker-3"                          [_thread_blocked, id=2496, stack(0x000000418fb00000,0x000000418fc00000) (1024K)]
Total: 23

Other Threads:
  0x00000200ec8fea20 VMThread "VM Thread"                           [id=9516, stack(0x000000418e200000,0x000000418e300000) (1024K)]
  0x00000200eca8e830 WatcherThread "VM Periodic Task Thread"        [id=13408, stack(0x000000418e100000,0x000000418e200000) (1024K)]
  0x00000200eca439d0 WorkerThread "GC Thread#0"                     [id=1548, stack(0x000000418e000000,0x000000418e100000) (1024K)]
  0x00000200c9945700 WorkerThread "GC Thread#1"                     [id=14316, stack(0x000000418ed00000,0x000000418ee00000) (1024K)]
  0x00000200c99442e0 WorkerThread "GC Thread#2"                     [id=17000, stack(0x000000418ee00000,0x000000418ef00000) (1024K)]
  0x00000200c932df20 WorkerThread "GC Thread#3"                     [id=5888, stack(0x000000418ef00000,0x000000418f000000) (1024K)]
Total: 6

Threads with active compile tasks:
C2 CompilerThread0  36751 3952       4       java.lang.Object::toString (36 bytes)
Total: 1

VM state: not at safepoint (normal execution)

VM Mutex/Monitor currently owned by a thread: None

Heap address: 0x0000000080000000, size: 2048 MB, Compressed Oops mode: 32-bit

CDS archive(s) mapped at: [0x0000020084000000-0x0000020084ba0000-0x0000020084ba0000), size 12189696, SharedBaseAddress: 0x0000020084000000, ArchiveRelocationMode: 1.
Compressed class space mapped at: 0x0000020085000000-0x00000200c5000000, reserved size: 1073741824
Narrow klass base: 0x0000020084000000, Narrow klass shift: 0, Narrow klass range: 0x100000000

GC Precious Log:
 CardTable entry size: 512
 CPUs: 4 total, 4 available
 Memory: 3961M
 Large Page Support: Disabled
 NUMA Support: Disabled
 Compressed Oops: Enabled (32-bit)
 Alignments: Space 512K, Generation 512K, Heap 2M
 Heap Min Capacity: 100M
 Heap Initial Capacity: 100M
 Heap Max Capacity: 2G
 Pre-touch: Disabled
 Parallel Workers: 4

Heap:
 PSYoungGen      total 25088K, used 13172K [0x00000000d5580000, 0x00000000d7380000, 0x0000000100000000)
  eden space 24064K, 51% used [0x00000000d5580000,0x00000000d61b7b58,0x00000000d6d00000)
  from space 1024K, 64% used [0x00000000d7280000,0x00000000d73256c0,0x00000000d7380000)
  to   space 2048K, 0% used [0x00000000d6f80000,0x00000000d6f80000,0x00000000d7180000)
 ParOldGen       total 68608K, used 12888K [0x0000000080000000, 0x0000000084300000, 0x00000000d5580000)
  object space 68608K, 18% used [0x0000000080000000,0x0000000080c96210,0x0000000084300000)
 Metaspace       used 25124K, committed 26112K, reserved 1114112K
  class space    used 2545K, committed 2944K, reserved 1048576K

Card table byte_map: [0x00000200ec3d0000,0x00000200ec7e0000] _byte_map_base: 0x00000200ebfd0000

Marking Bits: (ParMarkBitMap*) 0x00007ffd9ca12460
 Begin Bits: [0x0000020080000000, 0x0000020082000000)
 End Bits:   [0x0000020082000000, 0x0000020084000000)

Polling page: 0x00000200ea890000

Metaspace:

Usage:
  Non-class:     22.05 MB used.
      Class:      2.49 MB used.
       Both:     24.54 MB used.

Virtual space:
  Non-class space:       64.00 MB reserved,      22.62 MB ( 35%) committed,  1 nodes.
      Class space:        1.00 GB reserved,       2.88 MB ( <1%) committed,  1 nodes.
             Both:        1.06 GB reserved,      25.50 MB (  2%) committed. 

Chunk freelists:
   Non-Class:  8.95 MB
       Class:  13.17 MB
        Both:  22.12 MB

MaxMetaspaceSize: unlimited
CompressedClassSpaceSize: 1.00 GB
Initial GC threshold: 21.00 MB
Current GC threshold: 35.00 MB
CDS: on
 - commit_granule_bytes: 65536.
 - commit_granule_words: 8192.
 - virtual_space_node_default_size: 8388608.
 - enlarge_chunks_in_place: 1.
 - use_allocation_guard: 0.


Internal statistics:

num_allocs_failed_limit: 5.
num_arena_births: 700.
num_arena_deaths: 14.
num_vsnodes_births: 2.
num_vsnodes_deaths: 0.
num_space_committed: 408.
num_space_uncommitted: 0.
num_chunks_returned_to_freelist: 19.
num_chunks_taken_from_freelist: 1710.
num_chunk_merges: 11.
num_chunk_splits: 1093.
num_chunks_enlarged: 686.
num_inconsistent_stats: 0.

CodeHeap 'non-profiled nmethods': size=120000Kb used=1719Kb max_used=1719Kb free=118280Kb
 bounds [0x00000200f7700000, 0x00000200f7970000, 0x00000200fec30000]
CodeHeap 'profiled nmethods': size=120000Kb used=8150Kb max_used=8150Kb free=111850Kb
 bounds [0x00000200efc30000, 0x00000200f0430000, 0x00000200f7160000]
CodeHeap 'non-nmethods': size=5760Kb used=1317Kb max_used=1330Kb free=4442Kb
 bounds [0x00000200f7160000, 0x00000200f73d0000, 0x00000200f7700000]
CodeCache: size=245760Kb, used=11186Kb, max_used=11199Kb, free=234572Kb
 total_blobs=4553, nmethods=3950, adapters=509, full_count=0
Compilation: enabled, stopped_count=0, restarted_count=0

Compilation events (20 events):
Event: 35.103 Thread 0x00000200ec91fc10 nmethod 3949 0x00000200f78adc10 code [0x00000200f78adda0, 0x00000200f78ade28]
Event: 35.103 Thread 0x00000200ec98f9c0 3950       3       org.codehaus.plexus.util.xml.pull.MXParser::more (106 bytes)
Event: 35.104 Thread 0x00000200ec98f9c0 nmethod 3950 0x00000200f041dd90 code [0x00000200f041dfe0, 0x00000200f041e740]
Event: 35.104 Thread 0x00000200ec98f9c0 3951       3       org.codehaus.plexus.util.xml.pull.MXParser::isValidCodePoint (65 bytes)
Event: 35.104 Thread 0x00000200ec98f9c0 nmethod 3951 0x00000200f041ea90 code [0x00000200f041ec40, 0x00000200f041ef08]
Event: 35.107 Thread 0x00000200ec91fc10 3952       4       java.lang.Object::toString (36 bytes)
Event: 35.108 Thread 0x00000200ec98f9c0 3953       3       org.codehaus.plexus.util.xml.pull.MXParser::isNameChar (56 bytes)
Event: 35.109 Thread 0x00000200ec98f9c0 nmethod 3953 0x00000200f041ef90 code [0x00000200f041f140, 0x00000200f041f3c0]
Event: 35.118 Thread 0x00000200ec98f9c0 3955       3       org.codehaus.plexus.util.xml.pull.MXParser::nextImpl (1208 bytes)
Event: 35.125 Thread 0x00000200ec98f9c0 nmethod 3955 0x00000200f041f490 code [0x00000200f041fb20, 0x00000200f0422960]
Event: 35.125 Thread 0x00000200ec98f9c0 3956       3       org.codehaus.plexus.util.xml.pull.MXParser::next (10 bytes)
Event: 35.125 Thread 0x00000200ec98f9c0 nmethod 3956 0x00000200f0423810 code [0x00000200f04239c0, 0x00000200f0423b00]
Event: 35.133 Thread 0x00000200ec98f9c0 3957       3       java.util.LinkedHashMap$LinkedKeyIterator::next (8 bytes)
Event: 35.134 Thread 0x00000200ec98f9c0 nmethod 3957 0x00000200f0423b90 code [0x00000200f0423d40, 0x00000200f0423e98]
Event: 35.139 Thread 0x00000200ec98f9c0 3958       3       jdk.internal.org.objectweb.asm.ByteVector::putShort (52 bytes)
Event: 35.140 Thread 0x00000200ec98f9c0 nmethod 3958 0x00000200f0423f90 code [0x00000200f0424140, 0x00000200f0424340]
Event: 35.141 Thread 0x00000200ec98f9c0 3959       3       java.lang.Module::isStaticallyExportedOrOpen (70 bytes)
Event: 35.142 Thread 0x00000200ec98f9c0 nmethod 3959 0x00000200f0424490 code [0x00000200f04246a0, 0x00000200f0424d50]
Event: 35.149 Thread 0x00000200ec98f9c0 3960       3       java.util.stream.ReduceOps$3ReducingSink::accept (15 bytes)
Event: 35.150 Thread 0x00000200ec98f9c0 nmethod 3960 0x00000200f0424f10 code [0x00000200f04250c0, 0x00000200f04252a8]

GC Heap History (18 events):
Event: 7.616 GC heap before
{Heap before GC invocations=1 (full 0):
 PSYoungGen      total 29696K, used 25600K [0x00000000d5580000, 0x00000000d7680000, 0x0000000100000000)
  eden space 25600K, 100% used [0x00000000d5580000,0x00000000d6e80000,0x00000000d6e80000)
  from space 4096K, 0% used [0x00000000d7280000,0x00000000d7280000,0x00000000d7680000)
  to   space 4096K, 0% used [0x00000000d6e80000,0x00000000d6e80000,0x00000000d7280000)
 ParOldGen       total 68608K, used 0K [0x0000000080000000, 0x0000000084300000, 0x00000000d5580000)
  object space 68608K, 0% used [0x0000000080000000,0x0000000080000000,0x0000000084300000)
 Metaspace       used 4372K, committed 4608K, reserved 1114112K
  class space    used 474K, committed 576K, reserved 1048576K
}
Event: 7.699 GC heap after
{Heap after GC invocations=1 (full 0):
 PSYoungGen      total 29696K, used 3303K [0x00000000d5580000, 0x00000000d7680000, 0x0000000100000000)
  eden space 25600K, 0% used [0x00000000d5580000,0x00000000d5580000,0x00000000d6e80000)
  from space 4096K, 80% used [0x00000000d6e80000,0x00000000d71b9e98,0x00000000d7280000)
  to   space 4096K, 0% used [0x00000000d7280000,0x00000000d7280000,0x00000000d7680000)
 ParOldGen       total 68608K, used 0K [0x0000000080000000, 0x0000000084300000, 0x00000000d5580000)
  object space 68608K, 0% used [0x0000000080000000,0x0000000080000000,0x0000000084300000)
 Metaspace       used 4372K, committed 4608K, reserved 1114112K
  class space    used 474K, committed 576K, reserved 1048576K
}
Event: 13.672 GC heap before
{Heap before GC invocations=2 (full 0):
 PSYoungGen      total 29696K, used 28885K [0x00000000d5580000, 0x00000000d7680000, 0x0000000100000000)
  eden space 25600K, 99% used [0x00000000d5580000,0x00000000d6e7b808,0x00000000d6e80000)
  from space 4096K, 80% used [0x00000000d6e80000,0x00000000d71b9e98,0x00000000d7280000)
  to   space 4096K, 0% used [0x00000000d7280000,0x00000000d7280000,0x00000000d7680000)
 ParOldGen       total 68608K, used 0K [0x0000000080000000, 0x0000000084300000, 0x00000000d5580000)
  object space 68608K, 0% used [0x0000000080000000,0x0000000080000000,0x0000000084300000)
 Metaspace       used 8041K, committed 8320K, reserved 1114112K
  class space    used 841K, committed 960K, reserved 1048576K
}
Event: 13.682 GC heap after
{Heap after GC invocations=2 (full 0):
 PSYoungGen      total 29696K, used 4084K [0x00000000d5580000, 0x00000000d7680000, 0x0000000100000000)
  eden space 25600K, 0% used [0x00000000d5580000,0x00000000d5580000,0x00000000d6e80000)
  from space 4096K, 99% used [0x00000000d7280000,0x00000000d767d1d8,0x00000000d7680000)
  to   space 4096K, 0% used [0x00000000d6e80000,0x00000000d6e80000,0x00000000d7280000)
 ParOldGen       total 68608K, used 1749K [0x0000000080000000, 0x0000000084300000, 0x00000000d5580000)
  object space 68608K, 2% used [0x0000000080000000,0x00000000801b56d8,0x0000000084300000)
 Metaspace       used 8041K, committed 8320K, reserved 1114112K
  class space    used 841K, committed 960K, reserved 1048576K
}
Event: 17.300 GC heap before
{Heap before GC invocations=3 (full 0):
 PSYoungGen      total 29696K, used 29684K [0x00000000d5580000, 0x00000000d7680000, 0x0000000100000000)
  eden space 25600K, 100% used [0x00000000d5580000,0x00000000d6e80000,0x00000000d6e80000)
  from space 4096K, 99% used [0x00000000d7280000,0x00000000d767d1d8,0x00000000d7680000)
  to   space 4096K, 0% used [0x00000000d6e80000,0x00000000d6e80000,0x00000000d7280000)
 ParOldGen       total 68608K, used 1749K [0x0000000080000000, 0x0000000084300000, 0x00000000d5580000)
  object space 68608K, 2% used [0x0000000080000000,0x00000000801b56d8,0x0000000084300000)
 Metaspace       used 9436K, committed 9728K, reserved 1114112K
  class space    used 1004K, committed 1152K, reserved 1048576K
}
Event: 17.310 GC heap after
{Heap after GC invocations=3 (full 0):
 PSYoungGen      total 29696K, used 4081K [0x00000000d5580000, 0x00000000d7680000, 0x0000000100000000)
  eden space 25600K, 0% used [0x00000000d5580000,0x00000000d5580000,0x00000000d6e80000)
  from space 4096K, 99% used [0x00000000d6e80000,0x00000000d727c428,0x00000000d7280000)
  to   space 4096K, 0% used [0x00000000d7280000,0x00000000d7280000,0x00000000d7680000)
 ParOldGen       total 68608K, used 5180K [0x0000000080000000, 0x0000000084300000, 0x00000000d5580000)
  object space 68608K, 7% used [0x0000000080000000,0x000000008050f2b8,0x0000000084300000)
 Metaspace       used 9436K, committed 9728K, reserved 1114112K
  class space    used 1004K, committed 1152K, reserved 1048576K
}
Event: 24.157 GC heap before
{Heap before GC invocations=4 (full 0):
 PSYoungGen      total 29696K, used 29681K [0x00000000d5580000, 0x00000000d7680000, 0x0000000100000000)
  eden space 25600K, 100% used [0x00000000d5580000,0x00000000d6e80000,0x00000000d6e80000)
  from space 4096K, 99% used [0x00000000d6e80000,0x00000000d727c428,0x00000000d7280000)
  to   space 4096K, 0% used [0x00000000d7280000,0x00000000d7280000,0x00000000d7680000)
 ParOldGen       total 68608K, used 5180K [0x0000000080000000, 0x0000000084300000, 0x00000000d5580000)
  object space 68608K, 7% used [0x0000000080000000,0x000000008050f2b8,0x0000000084300000)
 Metaspace       used 12287K, committed 12672K, reserved 1114112K
  class space    used 1309K, committed 1472K, reserved 1048576K
}
Event: 24.167 GC heap after
{Heap after GC invocations=4 (full 0):
 PSYoungGen      total 29696K, used 4084K [0x00000000d5580000, 0x00000000d7680000, 0x0000000100000000)
  eden space 25600K, 0% used [0x00000000d5580000,0x00000000d5580000,0x00000000d6e80000)
  from space 4096K, 99% used [0x00000000d7280000,0x00000000d767d360,0x00000000d7680000)
  to   space 4096K, 0% used [0x00000000d6e80000,0x00000000d6e80000,0x00000000d7280000)
 ParOldGen       total 68608K, used 6394K [0x0000000080000000, 0x0000000084300000, 0x00000000d5580000)
  object space 68608K, 9% used [0x0000000080000000,0x000000008063eac8,0x0000000084300000)
 Metaspace       used 12287K, committed 12672K, reserved 1114112K
  class space    used 1309K, committed 1472K, reserved 1048576K
}
Event: 30.049 GC heap before
{Heap before GC invocations=5 (full 0):
 PSYoungGen      total 29696K, used 29684K [0x00000000d5580000, 0x00000000d7680000, 0x0000000100000000)
  eden space 25600K, 100% used [0x00000000d5580000,0x00000000d6e80000,0x00000000d6e80000)
  from space 4096K, 99% used [0x00000000d7280000,0x00000000d767d360,0x00000000d7680000)
  to   space 4096K, 0% used [0x00000000d6e80000,0x00000000d6e80000,0x00000000d7280000)
 ParOldGen       total 68608K, used 6394K [0x0000000080000000, 0x0000000084300000, 0x00000000d5580000)
  object space 68608K, 9% used [0x0000000080000000,0x000000008063eac8,0x0000000084300000)
 Metaspace       used 16291K, committed 16960K, reserved 1114112K
  class space    used 1685K, committed 1984K, reserved 1048576K
}
Event: 30.061 GC heap after
{Heap after GC invocations=5 (full 0):
 PSYoungGen      total 29184K, used 4066K [0x00000000d5580000, 0x00000000d7a00000, 0x0000000100000000)
  eden space 25088K, 0% used [0x00000000d5580000,0x00000000d5580000,0x00000000d6e00000)
  from space 4096K, 99% used [0x00000000d6e80000,0x00000000d7278bd0,0x00000000d7280000)
  to   space 6144K, 0% used [0x00000000d7400000,0x00000000d7400000,0x00000000d7a00000)
 ParOldGen       total 68608K, used 8178K [0x0000000080000000, 0x0000000084300000, 0x00000000d5580000)
  object space 68608K, 11% used [0x0000000080000000,0x00000000807fc870,0x0000000084300000)
 Metaspace       used 16291K, committed 16960K, reserved 1114112K
  class space    used 1685K, committed 1984K, reserved 1048576K
}
Event: 32.745 GC heap before
{Heap before GC invocations=6 (full 0):
 PSYoungGen      total 29184K, used 29154K [0x00000000d5580000, 0x00000000d7a00000, 0x0000000100000000)
  eden space 25088K, 100% used [0x00000000d5580000,0x00000000d6e00000,0x00000000d6e00000)
  from space 4096K, 99% used [0x00000000d6e80000,0x00000000d7278bd0,0x00000000d7280000)
  to   space 6144K, 0% used [0x00000000d7400000,0x00000000d7400000,0x00000000d7a00000)
 ParOldGen       total 68608K, used 8178K [0x0000000080000000, 0x0000000084300000, 0x00000000d5580000)
  object space 68608K, 11% used [0x0000000080000000,0x00000000807fc870,0x0000000084300000)
 Metaspace       used 19016K, committed 19840K, reserved 1114112K
  class space    used 2002K, committed 2304K, reserved 1048576K
}
Event: 32.754 GC heap after
{Heap after GC invocations=6 (full 0):
 PSYoungGen      total 29184K, used 4435K [0x00000000d5580000, 0x00000000d7880000, 0x0000000100000000)
  eden space 24576K, 0% used [0x00000000d5580000,0x00000000d5580000,0x00000000d6d80000)
  from space 4608K, 96% used [0x00000000d7400000,0x00000000d7854f70,0x00000000d7880000)
  to   space 5120K, 0% used [0x00000000d6e80000,0x00000000d6e80000,0x00000000d7380000)
 ParOldGen       total 68608K, used 8178K [0x0000000080000000, 0x0000000084300000, 0x00000000d5580000)
  object space 68608K, 11% used [0x0000000080000000,0x00000000807fc870,0x0000000084300000)
 Metaspace       used 19016K, committed 19840K, reserved 1114112K
  class space    used 2002K, committed 2304K, reserved 1048576K
}
Event: 33.716 GC heap before
{Heap before GC invocations=7 (full 0):
 PSYoungGen      total 29184K, used 20710K [0x00000000d5580000, 0x00000000d7880000, 0x0000000100000000)
  eden space 24576K, 66% used [0x00000000d5580000,0x00000000d6564b48,0x00000000d6d80000)
  from space 4608K, 96% used [0x00000000d7400000,0x00000000d7854f70,0x00000000d7880000)
  to   space 5120K, 0% used [0x00000000d6e80000,0x00000000d6e80000,0x00000000d7380000)
 ParOldGen       total 68608K, used 8178K [0x0000000080000000, 0x0000000084300000, 0x00000000d5580000)
  object space 68608K, 11% used [0x0000000080000000,0x00000000807fc870,0x0000000084300000)
 Metaspace       used 20652K, committed 21504K, reserved 1114112K
  class space    used 2183K, committed 2560K, reserved 1048576K
}
Event: 33.726 GC heap after
{Heap after GC invocations=7 (full 0):
 PSYoungGen      total 28672K, used 3972K [0x00000000d5580000, 0x00000000d7680000, 0x0000000100000000)
  eden space 24576K, 0% used [0x00000000d5580000,0x00000000d5580000,0x00000000d6d80000)
  from space 4096K, 96% used [0x00000000d6e80000,0x00000000d72611f0,0x00000000d7280000)
  to   space 4096K, 0% used [0x00000000d7280000,0x00000000d7280000,0x00000000d7680000)
 ParOldGen       total 68608K, used 9609K [0x0000000080000000, 0x0000000084300000, 0x00000000d5580000)
  object space 68608K, 14% used [0x0000000080000000,0x0000000080962408,0x0000000084300000)
 Metaspace       used 20652K, committed 21504K, reserved 1114112K
  class space    used 2183K, committed 2560K, reserved 1048576K
}
Event: 33.726 GC heap before
{Heap before GC invocations=8 (full 1):
 PSYoungGen      total 28672K, used 3972K [0x00000000d5580000, 0x00000000d7680000, 0x0000000100000000)
  eden space 24576K, 0% used [0x00000000d5580000,0x00000000d5580000,0x00000000d6d80000)
  from space 4096K, 96% used [0x00000000d6e80000,0x00000000d72611f0,0x00000000d7280000)
  to   space 4096K, 0% used [0x00000000d7280000,0x00000000d7280000,0x00000000d7680000)
 ParOldGen       total 68608K, used 9609K [0x0000000080000000, 0x0000000084300000, 0x00000000d5580000)
  object space 68608K, 14% used [0x0000000080000000,0x0000000080962408,0x0000000084300000)
 Metaspace       used 20652K, committed 21504K, reserved 1114112K
  class space    used 2183K, committed 2560K, reserved 1048576K
}
Event: 33.808 GC heap after
{Heap after GC invocations=8 (full 1):
 PSYoungGen      total 28672K, used 0K [0x00000000d5580000, 0x00000000d7680000, 0x0000000100000000)
  eden space 24576K, 0% used [0x00000000d5580000,0x00000000d5580000,0x00000000d6d80000)
  from space 4096K, 0% used [0x00000000d6e80000,0x00000000d6e80000,0x00000000d7280000)
  to   space 4096K, 0% used [0x00000000d7280000,0x00000000d7280000,0x00000000d7680000)
 ParOldGen       total 68608K, used 12888K [0x0000000080000000, 0x0000000084300000, 0x00000000d5580000)
  object space 68608K, 18% used [0x0000000080000000,0x0000000080c96210,0x0000000084300000)
 Metaspace       used 20640K, committed 21504K, reserved 1114112K
  class space    used 2180K, committed 2560K, reserved 1048576K
}
Event: 34.481 GC heap before
{Heap before GC invocations=9 (full 1):
 PSYoungGen      total 28672K, used 24557K [0x00000000d5580000, 0x00000000d7680000, 0x0000000100000000)
  eden space 24576K, 99% used [0x00000000d5580000,0x00000000d6d7b4d8,0x00000000d6d80000)
  from space 4096K, 0% used [0x00000000d6e80000,0x00000000d6e80000,0x00000000d7280000)
  to   space 4096K, 0% used [0x00000000d7280000,0x00000000d7280000,0x00000000d7680000)
 ParOldGen       total 68608K, used 12888K [0x0000000080000000, 0x0000000084300000, 0x00000000d5580000)
  object space 68608K, 18% used [0x0000000080000000,0x0000000080c96210,0x0000000084300000)
 Metaspace       used 23157K, committed 24128K, reserved 1114112K
  class space    used 2349K, committed 2752K, reserved 1048576K
}
Event: 34.483 GC heap after
{Heap after GC invocations=9 (full 1):
 PSYoungGen      total 25088K, used 661K [0x00000000d5580000, 0x00000000d7380000, 0x0000000100000000)
  eden space 24064K, 0% used [0x00000000d5580000,0x00000000d5580000,0x00000000d6d00000)
  from space 1024K, 64% used [0x00000000d7280000,0x00000000d73256c0,0x00000000d7380000)
  to   space 2048K, 0% used [0x00000000d6f80000,0x00000000d6f80000,0x00000000d7180000)
 ParOldGen       total 68608K, used 12888K [0x0000000080000000, 0x0000000084300000, 0x00000000d5580000)
  object space 68608K, 18% used [0x0000000080000000,0x0000000080c96210,0x0000000084300000)
 Metaspace       used 23157K, committed 24128K, reserved 1114112K
  class space    used 2349K, committed 2752K, reserved 1048576K
}

Dll operation events (10 events):
Event: 0.035 Loaded shared library c:\Users\DELL\.cursor\extensions\redhat.java-1.50.0-win32-x64\jre\21.0.9-win32-x86_64\bin\java.dll
Event: 0.607 Loaded shared library c:\Users\DELL\.cursor\extensions\redhat.java-1.50.0-win32-x64\jre\21.0.9-win32-x86_64\bin\zip.dll
Event: 0.692 Loaded shared library C:\Users\DELL\.cursor\extensions\redhat.java-1.50.0-win32-x64\jre\21.0.9-win32-x86_64\bin\instrument.dll
Event: 0.733 Loaded shared library C:\Users\DELL\.cursor\extensions\redhat.java-1.50.0-win32-x64\jre\21.0.9-win32-x86_64\bin\net.dll
Event: 0.738 Loaded shared library C:\Users\DELL\.cursor\extensions\redhat.java-1.50.0-win32-x64\jre\21.0.9-win32-x86_64\bin\nio.dll
Event: 0.746 Loaded shared library C:\Users\DELL\.cursor\extensions\redhat.java-1.50.0-win32-x64\jre\21.0.9-win32-x86_64\bin\zip.dll
Event: 0.833 Loaded shared library C:\Users\DELL\.cursor\extensions\redhat.java-1.50.0-win32-x64\jre\21.0.9-win32-x86_64\bin\jimage.dll
Event: 1.344 Loaded shared library c:\Users\DELL\.cursor\extensions\redhat.java-1.50.0-win32-x64\jre\21.0.9-win32-x86_64\bin\verify.dll
Event: 13.707 Loaded shared library C:\Users\DELL\AppData\Roaming\Cursor\User\globalStorage\redhat.java\1.50.0\config_win\org.eclipse.equinox.launcher\org.eclipse.equinox.launcher.win32.win32.x86_64_1.2.1400.v20250801-0854\eclipse_11916.dll
Event: 30.559 Loaded shared library C:\Users\DELL\AppData\Local\Temp\jna-2094529\jna6290645758101563724.dll

Deoptimization events (20 events):
Event: 34.483 Thread 0x00000200c96c5fb0 Uncommon trap: trap_request=0xffffff45 fr.pc=0x00000200f7895270 relative=0x00000000000001f0
Event: 34.483 Thread 0x00000200c96c5fb0 Uncommon trap: reason=unstable_if action=reinterpret pc=0x00000200f7895270 method=java.util.concurrent.locks.ReentrantLock$Sync.lock()V @ 4 c2
Event: 34.483 Thread 0x00000200c96c5fb0 DEOPT PACKING pc=0x00000200f7895270 sp=0x000000418f3f4360
Event: 34.483 Thread 0x00000200c96c5fb0 DEOPT UNPACKING pc=0x00000200f71b3aa2 sp=0x000000418f3f4238 mode 2
Event: 34.799 Thread 0x00000200c9e67ef0 Uncommon trap: trap_request=0xffffff45 fr.pc=0x00000200f7872c9c relative=0x000000000000007c
Event: 34.799 Thread 0x00000200c9e67ef0 Uncommon trap: reason=unstable_if action=reinterpret pc=0x00000200f7872c9c method=java.lang.invoke.LambdaForm$BasicType.basicType(C)Ljava/lang/invoke/LambdaForm$BasicType; @ 1 c2
Event: 34.799 Thread 0x00000200c9e67ef0 DEOPT PACKING pc=0x00000200f7872c9c sp=0x000000418f9fd640
Event: 34.799 Thread 0x00000200c9e67ef0 DEOPT UNPACKING pc=0x00000200f71b3aa2 sp=0x000000418f9fd5d8 mode 2
Event: 34.940 Thread 0x00000200c96c5fb0 DEOPT PACKING pc=0x00000200f008ebdc sp=0x000000418f3f2dc0
Event: 34.940 Thread 0x00000200c96c5fb0 DEOPT UNPACKING pc=0x00000200f71b4242 sp=0x000000418f3f2358 mode 0
Event: 34.945 Thread 0x00000200c96c5fb0 DEOPT PACKING pc=0x00000200f008eae4 sp=0x000000418f3f4bd0
Event: 34.945 Thread 0x00000200c96c5fb0 DEOPT UNPACKING pc=0x00000200f71b4242 sp=0x000000418f3f4168 mode 0
Event: 34.956 Thread 0x00000200c9e69fc0 Uncommon trap: trap_request=0xffffff76 fr.pc=0x00000200f7882c80 relative=0x0000000000000380
Event: 34.956 Thread 0x00000200c9e69fc0 Uncommon trap: reason=predicate action=maybe_recompile pc=0x00000200f7882c80 method=java.util.regex.Pattern$BmpCharPropertyGreedy.match(Ljava/util/regex/Matcher;ILjava/lang/CharSequence;)Z @ 12 c2
Event: 34.957 Thread 0x00000200c9e69fc0 DEOPT PACKING pc=0x00000200f7882c80 sp=0x000000418f8fe450
Event: 34.957 Thread 0x00000200c9e69fc0 DEOPT UNPACKING pc=0x00000200f71b3aa2 sp=0x000000418f8fe3f8 mode 2
Event: 34.986 Thread 0x00000200c9e67ef0 Uncommon trap: trap_request=0xffffff45 fr.pc=0x00000200f776e0ac relative=0x000000000000010c
Event: 34.986 Thread 0x00000200c9e67ef0 Uncommon trap: reason=unstable_if action=reinterpret pc=0x00000200f776e0ac method=jdk.internal.org.objectweb.asm.ByteVector.putShort(I)Ljdk/internal/org/objectweb/asm/ByteVector; @ 13 c2
Event: 34.986 Thread 0x00000200c9e67ef0 DEOPT PACKING pc=0x00000200f776e0ac sp=0x000000418f9fd1e0
Event: 34.986 Thread 0x00000200c9e67ef0 DEOPT UNPACKING pc=0x00000200f71b3aa2 sp=0x000000418f9fd178 mode 2

Classes loaded (20 events):
Event: 34.111 Loading class java/lang/NegativeArraySizeException
Event: 34.111 Loading class java/lang/NegativeArraySizeException done
Event: 34.751 Loading class java/lang/runtime/ObjectMethods
Event: 34.753 Loading class java/lang/runtime/ObjectMethods done
Event: 34.755 Loading class java/lang/StringIndexOutOfBoundsException
Event: 34.756 Loading class java/lang/StringIndexOutOfBoundsException done
Event: 34.767 Loading class java/lang/invoke/MethodHandleImpl$Makers
Event: 34.768 Loading class java/lang/invoke/MethodHandleImpl$Makers done
Event: 34.769 Loading class java/lang/invoke/MethodHandleImpl$Makers$1
Event: 34.769 Loading class java/lang/invoke/MethodHandleImpl$Makers$1 done
Event: 34.769 Loading class java/lang/invoke/MethodHandleImpl$Makers$2
Event: 34.769 Loading class java/lang/invoke/MethodHandleImpl$Makers$2 done
Event: 34.769 Loading class java/lang/invoke/MethodHandleImpl$Makers$3
Event: 34.769 Loading class java/lang/invoke/MethodHandleImpl$Makers$3 done
Event: 34.801 Loading class java/lang/runtime/ObjectMethods$1
Event: 34.801 Loading class java/lang/runtime/ObjectMethods$1 done
Event: 34.956 Loading class java/io/FileReader
Event: 34.956 Loading class java/io/FileReader done
Event: 34.983 Loading class java/lang/invoke/MethodHandleImpl$CountingWrapper
Event: 34.983 Loading class java/lang/invoke/MethodHandleImpl$CountingWrapper done

Classes unloaded (7 events):
Event: 33.739 Thread 0x00000200ec8fea20 Unloading class 0x00000200851acc00 'java/lang/invoke/LambdaForm$MH+0x00000200851acc00'
Event: 33.739 Thread 0x00000200ec8fea20 Unloading class 0x00000200851ac800 'java/lang/invoke/LambdaForm$MH+0x00000200851ac800'
Event: 33.739 Thread 0x00000200ec8fea20 Unloading class 0x00000200851ac400 'java/lang/invoke/LambdaForm$MH+0x00000200851ac400'
Event: 33.739 Thread 0x00000200ec8fea20 Unloading class 0x00000200851ac000 'java/lang/invoke/LambdaForm$MH+0x00000200851ac000'
Event: 33.739 Thread 0x00000200ec8fea20 Unloading class 0x00000200851abc00 'java/lang/invoke/LambdaForm$BMH+0x00000200851abc00'
Event: 33.739 Thread 0x00000200ec8fea20 Unloading class 0x00000200851ab800 'java/lang/invoke/LambdaForm$DMH+0x00000200851ab800'
Event: 33.739 Thread 0x00000200ec8fea20 Unloading class 0x00000200851aa400 'java/lang/invoke/LambdaForm$DMH+0x00000200851aa400'

Classes redefined (0 events):
No events

Internal exceptions (20 events):
Event: 32.355 Thread 0x00000200c96c5fb0 Exception <a 'java/lang/NoSuchMethodError'{0x00000000d6925280}: 'java.lang.Object java.lang.invoke.Invokers$Holder.linkToTargetMethod(java.lang.Object, long, java.lang.Object, java.lang.Object)'> (0x00000000d6925280) 
thrown [s\src\hotspot\share\interpreter\linkResolver.cpp, line 773]
Event: 33.005 Thread 0x00000200c96c5fb0 Exception <a 'java/io/FileNotFoundException'{0x00000000d58b0ea8}> (0x00000000d58b0ea8) 
thrown [s\src\hotspot\share\prims\jni.cpp, line 520]
Event: 33.007 Thread 0x00000200c96c5fb0 Exception <a 'java/lang/NoSuchMethodError'{0x00000000d58b9460}: 'java.lang.Object java.lang.invoke.DirectMethodHandle$Holder.newInvokeSpecial(java.lang.Object, int, java.lang.Object, java.lang.Object)'> (0x00000000d58b9460) 
thrown [s\src\hotspot\share\interpreter\linkResolver.cpp, line 773]
Event: 33.523 Thread 0x00000200c96c5fb0 Exception <a 'java/lang/NoSuchMethodError'{0x00000000d61426c0}: 'long java.lang.invoke.Invokers$Holder.invokeExact_MT(java.lang.Object, java.lang.Object)'> (0x00000000d61426c0) 
thrown [s\src\hotspot\share\interpreter\linkResolver.cpp, line 773]
Event: 33.908 Thread 0x00000200c96c5fb0 Exception <a 'java/lang/NoSuchMethodError'{0x00000000d585b650}: 'double java.lang.invoke.DirectMethodHandle$Holder.invokeStatic(java.lang.Object, java.lang.Object)'> (0x00000000d585b650) 
thrown [s\src\hotspot\share\interpreter\linkResolver.cpp, line 773]
Event: 33.909 Thread 0x00000200c96c5fb0 Exception <a 'java/lang/NoSuchMethodError'{0x00000000d585ece0}: 'double java.lang.invoke.DirectMethodHandle$Holder.invokeStaticInit(java.lang.Object, java.lang.Object)'> (0x00000000d585ece0) 
thrown [s\src\hotspot\share\interpreter\linkResolver.cpp, line 773]
Event: 34.754 Thread 0x00000200c9e67ef0 Exception <a 'java/lang/NoSuchMethodError'{0x00000000d5970b08}: 'java.lang.Object java.lang.invoke.DirectMethodHandle$Holder.invokeStaticInit(java.lang.Object, java.lang.Object, java.lang.Object, java.lang.Object, java.lang.Object, java.lang.Object, java.lang.Object)'> (0x00000000d5970b08) 
thrown [s\src\hotspot\share\interpreter\linkResolver.cpp, line 773]
Event: 34.755 Thread 0x00000200c9e67ef0 Exception <a 'java/lang/NoSuchMethodError'{0x00000000d59864a0}: 'java.lang.Object java.lang.invoke.Invokers$Holder.invoke_MT(java.lang.Object, java.lang.Object, java.lang.Object, java.lang.Object, java.lang.Object, java.lang.Object, java.lang.Object, java.lang.Object, java.lang.Object)'> (0x00000000d59864a0) 
thrown [s\src\hotspot\share\interpreter\linkResolver.cpp, line 773]
Event: 34.802 Thread 0x00000200c9e67ef0 Exception <a 'java/lang/NoSuchMethodError'{0x00000000d59e7ed8}: 'int java.lang.invoke.DirectMethodHandle$Holder.invokeVirtual(java.lang.Object, java.lang.Object, java.lang.Object)'> (0x00000000d59e7ed8) 
thrown [s\src\hotspot\share\interpreter\linkResolver.cpp, line 773]
Event: 34.803 Thread 0x00000200c9e67ef0 Exception <a 'java/lang/NoSuchMethodError'{0x00000000d59fce98}: 'int java.lang.invoke.DirectMethodHandle$Holder.invokeStaticInit(java.lang.Object, int, int)'> (0x00000000d59fce98) 
thrown [s\src\hotspot\share\interpreter\linkResolver.cpp, line 773]
Event: 34.804 Thread 0x00000200c9e67ef0 Exception <a 'java/lang/NoSuchMethodError'{0x00000000d5a04190}: 'int java.lang.invoke.DirectMethodHandle$Holder.invokeStaticInit(java.lang.Object, long, long)'> (0x00000000d5a04190) 
thrown [s\src\hotspot\share\interpreter\linkResolver.cpp, line 773]
Event: 34.805 Thread 0x00000200c9e67ef0 Exception <a 'java/lang/NoSuchMethodError'{0x00000000d5a0ad18}: 'int java.lang.invoke.DirectMethodHandle$Holder.invokeStaticInit(java.lang.Object, float, float)'> (0x00000000d5a0ad18) 
thrown [s\src\hotspot\share\interpreter\linkResolver.cpp, line 773]
Event: 34.814 Thread 0x00000200c9e67ef0 Exception <a 'java/lang/NoSuchMethodError'{0x00000000d5a145a0}: 'int java.lang.invoke.DirectMethodHandle$Holder.invokeStaticInit(java.lang.Object, double, double)'> (0x00000000d5a145a0) 
thrown [s\src\hotspot\share\interpreter\linkResolver.cpp, line 773]
Event: 34.815 Thread 0x00000200c9e67ef0 Exception <a 'java/lang/NoSuchMethodError'{0x00000000d5a18a10}: 'int java.lang.invoke.DirectMethodHandle$Holder.invokeStatic(java.lang.Object, long)'> (0x00000000d5a18a10) 
thrown [s\src\hotspot\share\interpreter\linkResolver.cpp, line 773]
Event: 34.889 Thread 0x00000200c9e69fc0 Exception <a 'java/lang/NoSuchMethodError'{0x00000000d5a5a7f0}: 'int java.lang.invoke.Invokers$Holder.linkToTargetMethod(java.lang.Object, java.lang.Object)'> (0x00000000d5a5a7f0) 
thrown [s\src\hotspot\share\interpreter\linkResolver.cpp, line 773]
Event: 34.971 Thread 0x00000200c9e67ef0 Exception <a 'java/lang/NoSuchMethodError'{0x00000000d5d45aa8}: 'int java.lang.invoke.DirectMethodHandle$Holder.invokeSpecial(java.lang.Object, java.lang.Object, java.lang.Object, java.lang.Object)'> (0x00000000d5d45aa8) 
thrown [s\src\hotspot\share\interpreter\linkResolver.cpp, line 773]
Event: 34.973 Thread 0x00000200c9e67ef0 Exception <a 'java/lang/NoSuchMethodError'{0x00000000d5d53698}: 'java.lang.Object java.lang.invoke.DirectMethodHandle$Holder.invokeStatic(java.lang.Object, int, java.lang.Object, java.lang.Object)'> (0x00000000d5d53698) 
thrown [s\src\hotspot\share\interpreter\linkResolver.cpp, line 773]
Event: 34.974 Thread 0x00000200c9e67ef0 Exception <a 'java/lang/NoSuchMethodError'{0x00000000d5d570b8}: 'java.lang.Object java.lang.invoke.DelegatingMethodHandle$Holder.delegate(java.lang.Object, int, java.lang.Object, java.lang.Object)'> (0x00000000d5d570b8) 
thrown [s\src\hotspot\share\interpreter\linkResolver.cpp, line 773]
Event: 34.987 Thread 0x00000200c9e67ef0 Exception <a 'java/lang/NoSuchMethodError'{0x00000000d5d6b000}: 'int java.lang.invoke.Invokers$Holder.linkToTargetMethod(java.lang.Object, java.lang.Object, java.lang.Object)'> (0x00000000d5d6b000) 
thrown [s\src\hotspot\share\interpreter\linkResolver.cpp, line 773]
Event: 35.148 Thread 0x00000200c9e69fc0 Exception <a 'java/lang/NoSuchMethodError'{0x00000000d5ed1008}: 'java.lang.Object java.lang.invoke.DirectMethodHandle$Holder.invokeSpecialIFC(java.lang.Object, java.lang.Object, java.lang.Object, java.lang.Object)'> (0x00000000d5ed1008) 
thrown [s\src\hotspot\share\interpreter\linkResolver.cpp, line 773]

ZGC Phase Switch (0 events):
No events

VM Operations (20 events):
Event: 31.593 Executing VM operation: Cleanup
Event: 31.593 Executing VM operation: Cleanup done
Event: 31.721 Executing VM operation: HandshakeAllThreads (Deoptimize)
Event: 31.721 Executing VM operation: HandshakeAllThreads (Deoptimize) done
Event: 31.951 Executing VM operation: HandshakeAllThreads (Deoptimize)
Event: 31.951 Executing VM operation: HandshakeAllThreads (Deoptimize) done
Event: 31.971 Executing VM operation: HandshakeAllThreads (Deoptimize)
Event: 31.971 Executing VM operation: HandshakeAllThreads (Deoptimize) done
Event: 32.050 Executing VM operation: HandshakeAllThreads (Deoptimize)
Event: 32.050 Executing VM operation: HandshakeAllThreads (Deoptimize) done
Event: 32.745 Executing VM operation: ParallelGCFailedAllocation (Allocation Failure)
Event: 32.754 Executing VM operation: ParallelGCFailedAllocation (Allocation Failure) done
Event: 33.715 Executing VM operation: CollectForMetadataAllocation (Metadata GC Threshold)
Event: 33.809 Executing VM operation: CollectForMetadataAllocation (Metadata GC Threshold) done
Event: 33.812 Executing VM operation: CollectForMetadataAllocation (Metadata GC Threshold)
Event: 33.812 Executing VM operation: CollectForMetadataAllocation (Metadata GC Threshold) done
Event: 34.481 Executing VM operation: ParallelGCFailedAllocation (Allocation Failure)
Event: 34.483 Executing VM operation: ParallelGCFailedAllocation (Allocation Failure) done
Event: 34.916 Executing VM operation: HandshakeAllThreads (Deoptimize)
Event: 34.921 Executing VM operation: HandshakeAllThreads (Deoptimize) done

Memory protections (0 events):
No events

Nmethod flushes (0 events):
No events

Events (20 events):
Event: 0.197 Thread 0x00000200eca256f0 Thread added: 0x00000200ec911e80
Event: 0.208 Thread 0x00000200eca256f0 Thread added: 0x00000200ec912d90
Event: 0.218 Thread 0x00000200eca256f0 Thread added: 0x00000200ec913ca0
Event: 0.298 Thread 0x00000200eca256f0 Thread added: 0x00000200ec915900
Event: 0.298 Thread 0x00000200eca256f0 Thread added: 0x00000200ec91fc10
Event: 0.334 Thread 0x00000200eca256f0 Thread added: 0x00000200ec98f9c0
Event: 0.726 Thread 0x00000200eca256f0 Thread added: 0x00000200c91582c0
Event: 2.084 Thread 0x00000200eca256f0 Thread added: 0x00000200c92c2280
Event: 11.938 Thread 0x00000200eca256f0 Thread added: 0x00000200c9293740
Event: 13.603 Thread 0x00000200eca256f0 Thread added: 0x00000200c9139a00
Event: 13.932 Thread 0x00000200c9139a00 Thread added: 0x00000200c96c5950
Event: 13.966 Thread 0x00000200eca256f0 Thread added: 0x00000200c96c5fb0
Event: 17.687 Thread 0x00000200c96c5fb0 Thread added: 0x00000200c9c0e500
Event: 21.808 Thread 0x00000200c96c5fb0 Thread added: 0x00000200ec974420
Event: 27.315 Thread 0x00000200c96c5fb0 Thread added: 0x00000200c9e68c10
Event: 30.672 Thread 0x00000200c96c5fb0 Thread added: 0x00000200c9e69930
Event: 30.818 Thread 0x00000200c96c5fb0 Thread added: 0x00000200c9e69fc0
Event: 30.989 Thread 0x00000200c96c5fb0 Thread added: 0x00000200c9e67ef0
Event: 34.729 Thread 0x00000200c9e67ef0 Thread added: 0x00000200c9e6a650
Event: 35.055 Thread 0x00000200c9e6a650 Thread added: 0x00000200c9e671d0


Dynamic libraries:
0x00007ff70b180000 - 0x00007ff70b18e000 	c:\Users\DELL\.cursor\extensions\redhat.java-1.50.0-win32-x64\jre\21.0.9-win32-x86_64\bin\java.exe
0x00007ffe36670000 - 0x00007ffe36868000 	C:\Windows\SYSTEM32\ntdll.dll
0x00007ffe0ada0000 - 0x00007ffe0adc0000 	C:\Program Files\Avast Software\Avast\aswhook.dll
0x00007ffe34d70000 - 0x00007ffe34e32000 	C:\Windows\System32\KERNEL32.DLL
0x00007ffe34110000 - 0x00007ffe34406000 	C:\Windows\System32\KERNELBASE.dll
0x00007ffe33fe0000 - 0x00007ffe340e0000 	C:\Windows\System32\ucrtbase.dll
0x00007ffe2f0f0000 - 0x00007ffe2f108000 	c:\Users\DELL\.cursor\extensions\redhat.java-1.50.0-win32-x64\jre\21.0.9-win32-x86_64\bin\jli.dll
0x00007ffe34ef0000 - 0x00007ffe35091000 	C:\Windows\System32\USER32.dll
0x00007ffe33f00000 - 0x00007ffe33f22000 	C:\Windows\System32\win32u.dll
0x00007ffe358b0000 - 0x00007ffe358db000 	C:\Windows\System32\GDI32.dll
0x00007ffe33d00000 - 0x00007ffe33e19000 	C:\Windows\System32\gdi32full.dll
0x00007ffe345f0000 - 0x00007ffe3468d000 	C:\Windows\System32\msvcp_win.dll
0x00007ffe2e2e0000 - 0x00007ffe2e2fe000 	c:\Users\DELL\.cursor\extensions\redhat.java-1.50.0-win32-x64\jre\21.0.9-win32-x86_64\bin\VCRUNTIME140.dll
0x00007ffe23ea0000 - 0x00007ffe2413b000 	C:\Windows\WinSxS\amd64_microsoft.windows.common-controls_6595b64144ccf1df_6.0.19041.6456_none_60b8a6cb71f64256\COMCTL32.dll
0x00007ffe34e40000 - 0x00007ffe34ede000 	C:\Windows\System32\msvcrt.dll
0x00007ffe349e0000 - 0x00007ffe34a0f000 	C:\Windows\System32\IMM32.DLL
0x00007ffe30660000 - 0x00007ffe3066c000 	c:\Users\DELL\.cursor\extensions\redhat.java-1.50.0-win32-x64\jre\21.0.9-win32-x86_64\bin\vcruntime140_1.dll
0x00007ffe11410000 - 0x00007ffe1149d000 	c:\Users\DELL\.cursor\extensions\redhat.java-1.50.0-win32-x64\jre\21.0.9-win32-x86_64\bin\msvcp140.dll
0x00007ffd9bd50000 - 0x00007ffd9caf0000 	c:\Users\DELL\.cursor\extensions\redhat.java-1.50.0-win32-x64\jre\21.0.9-win32-x86_64\bin\server\jvm.dll
0x00007ffe35eb0000 - 0x00007ffe35f61000 	C:\Windows\System32\ADVAPI32.dll
0x00007ffe35810000 - 0x00007ffe358af000 	C:\Windows\System32\sechost.dll
0x00007ffe346a0000 - 0x00007ffe347c0000 	C:\Windows\System32\RPCRT4.dll
0x00007ffe340e0000 - 0x00007ffe34107000 	C:\Windows\System32\bcrypt.dll
0x00007ffe34950000 - 0x00007ffe349bb000 	C:\Windows\System32\WS2_32.dll
0x00007ffe33b60000 - 0x00007ffe33bab000 	C:\Windows\SYSTEM32\POWRPROF.dll
0x00007ffe1a190000 - 0x00007ffe1a1b7000 	C:\Windows\SYSTEM32\WINMM.dll
0x00007ffe2c680000 - 0x00007ffe2c68a000 	C:\Windows\SYSTEM32\VERSION.dll
0x00007ffe33b40000 - 0x00007ffe33b52000 	C:\Windows\SYSTEM32\UMPDC.dll
0x00007ffe31b70000 - 0x00007ffe31b82000 	C:\Windows\SYSTEM32\kernel.appcore.dll
0x00007ffe30600000 - 0x00007ffe3060a000 	c:\Users\DELL\.cursor\extensions\redhat.java-1.50.0-win32-x64\jre\21.0.9-win32-x86_64\bin\jimage.dll
0x00007ffe2b8f0000 - 0x00007ffe2baf1000 	C:\Windows\SYSTEM32\DBGHELP.DLL
0x00007ffe2b890000 - 0x00007ffe2b8c4000 	C:\Windows\SYSTEM32\dbgcore.DLL
0x00007ffe33e70000 - 0x00007ffe33ef2000 	C:\Windows\System32\bcryptPrimitives.dll
0x00007ffe2f0a0000 - 0x00007ffe2f0af000 	c:\Users\DELL\.cursor\extensions\redhat.java-1.50.0-win32-x64\jre\21.0.9-win32-x86_64\bin\instrument.dll
0x00007ffe2d920000 - 0x00007ffe2d940000 	c:\Users\DELL\.cursor\extensions\redhat.java-1.50.0-win32-x64\jre\21.0.9-win32-x86_64\bin\java.dll
0x00007ffe350a0000 - 0x00007ffe35810000 	C:\Windows\System32\SHELL32.dll
0x00007ffe31d70000 - 0x00007ffe32515000 	C:\Windows\SYSTEM32\windows.storage.dll
0x00007ffe34a10000 - 0x00007ffe34d64000 	C:\Windows\System32\combase.dll
0x00007ffe33650000 - 0x00007ffe3367b000 	C:\Windows\SYSTEM32\Wldp.dll
0x00007ffe35f70000 - 0x00007ffe3603d000 	C:\Windows\System32\OLEAUT32.dll
0x00007ffe35940000 - 0x00007ffe359ed000 	C:\Windows\System32\SHCORE.dll
0x00007ffe360d0000 - 0x00007ffe3612b000 	C:\Windows\System32\shlwapi.dll
0x00007ffe33c30000 - 0x00007ffe33c54000 	C:\Windows\SYSTEM32\profapi.dll
0x00007ffe2d6a0000 - 0x00007ffe2d6b8000 	c:\Users\DELL\.cursor\extensions\redhat.java-1.50.0-win32-x64\jre\21.0.9-win32-x86_64\bin\zip.dll
0x00007ffe2d9d0000 - 0x00007ffe2d9e0000 	C:\Users\DELL\.cursor\extensions\redhat.java-1.50.0-win32-x64\jre\21.0.9-win32-x86_64\bin\net.dll
0x00007ffe2abd0000 - 0x00007ffe2acda000 	C:\Windows\SYSTEM32\WINHTTP.dll
0x00007ffe333b0000 - 0x00007ffe3341a000 	C:\Windows\system32\mswsock.dll
0x00007ffe2d680000 - 0x00007ffe2d696000 	C:\Users\DELL\.cursor\extensions\redhat.java-1.50.0-win32-x64\jre\21.0.9-win32-x86_64\bin\nio.dll
0x00007ffe2d8e0000 - 0x00007ffe2d8f0000 	c:\Users\DELL\.cursor\extensions\redhat.java-1.50.0-win32-x64\jre\21.0.9-win32-x86_64\bin\verify.dll
0x00007ffe07840000 - 0x00007ffe07884000 	C:\Users\DELL\AppData\Roaming\Cursor\User\globalStorage\redhat.java\1.50.0\config_win\org.eclipse.equinox.launcher\org.eclipse.equinox.launcher.win32.win32.x86_64_1.2.1400.v20250801-0854\eclipse_11916.dll
0x00007ffe35c60000 - 0x00007ffe35d8b000 	C:\Windows\System32\ole32.dll
0x00007ffe335b0000 - 0x00007ffe335c8000 	C:\Windows\SYSTEM32\CRYPTSP.dll
0x00007ffe32cd0000 - 0x00007ffe32d08000 	C:\Windows\system32\rsaenh.dll
0x00007ffe33bf0000 - 0x00007ffe33c1e000 	C:\Windows\SYSTEM32\USERENV.dll
0x00007ffe335a0000 - 0x00007ffe335ac000 	C:\Windows\SYSTEM32\CRYPTBASE.dll
0x00007ffe33090000 - 0x00007ffe330cb000 	C:\Windows\SYSTEM32\IPHLPAPI.DLL
0x00007ffe360c0000 - 0x00007ffe360c8000 	C:\Windows\System32\NSI.dll
0x00007ffe077f0000 - 0x00007ffe07839000 	C:\Users\DELL\AppData\Local\Temp\jna-2094529\jna6290645758101563724.dll
0x00007ffe34ee0000 - 0x00007ffe34ee8000 	C:\Windows\System32\PSAPI.DLL

JVMTI agents:
c:\Users\DELL\.cursor\extensions\redhat.java-1.50.0-win32-x64\lombok\lombok-1.18.39-4050.jar path:c:\Users\DELL\.cursor\extensions\redhat.java-1.50.0-win32-x64\jre\21.0.9-win32-x86_64\bin\instrument.dll, loaded, initialized, instrumentlib options:none

dbghelp: loaded successfully - version: 4.0.5 - missing functions: none
symbol engine: initialized successfully - sym options: 0x614 - pdb path: .;c:\Users\DELL\.cursor\extensions\redhat.java-1.50.0-win32-x64\jre\21.0.9-win32-x86_64\bin;C:\Windows\SYSTEM32;C:\Program Files\Avast Software\Avast;C:\Windows\WinSxS\amd64_microsoft.windows.common-controls_6595b64144ccf1df_6.0.19041.6456_none_60b8a6cb71f64256;c:\Users\DELL\.cursor\extensions\redhat.java-1.50.0-win32-x64\jre\21.0.9-win32-x86_64\bin\server;C:\Users\DELL\AppData\Roaming\Cursor\User\globalStorage\redhat.java\1.50.0\config_win\org.eclipse.equinox.launcher\org.eclipse.equinox.launcher.win32.win32.x86_64_1.2.1400.v20250801-0854;C:\Users\DELL\AppData\Local\Temp\jna-2094529

VM Arguments:
jvm_args: --add-modules=ALL-SYSTEM --add-opens=java.base/java.util=ALL-UNNAMED --add-opens=java.base/java.lang=ALL-UNNAMED --add-opens=java.base/sun.nio.fs=ALL-UNNAMED -Declipse.application=org.eclipse.jdt.ls.core.id1 -Dosgi.bundles.defaultStartLevel=4 -Declipse.product=org.eclipse.jdt.ls.core.product -Djava.import.generatesMetadataFilesAtProjectRoot=false -DDetectVMInstallationsJob.disabled=true -Dfile.encoding=utf8 -XX:+UseParallelGC -XX:GCTimeRatio=4 -XX:AdaptiveSizePolicyWeight=90 -Dsun.zip.disableMemoryMapping=true -Xmx2G -Xms100m -Xlog:disable -javaagent:c:\Users\DELL\.cursor\extensions\redhat.java-1.50.0-win32-x64\lombok\lombok-1.18.39-4050.jar -XX:+HeapDumpOnOutOfMemoryError -XX:HeapDumpPath=c:\Users\DELL\AppData\Roaming\Cursor\User\workspaceStorage\5e175172b84a846027778c04907af16c\redhat.java -Daether.dependencyCollector.impl=bf 
java_command: c:\Users\DELL\.cursor\extensions\redhat.java-1.50.0-win32-x64\server\plugins\org.eclipse.equinox.launcher_1.7.100.v20251111-0406.jar -configuration c:\Users\DELL\AppData\Roaming\Cursor\User\globalStorage\redhat.java\1.50.0\config_win -data c:\Users\DELL\AppData\Roaming\Cursor\User\workspaceStorage\5e175172b84a846027778c04907af16c\redhat.java\jdt_ws --pipe=\\.\pipe\lsp-585298a0dd5246b5488ea797b4a0e7b9-sock
java_class_path (initial): c:\Users\DELL\.cursor\extensions\redhat.java-1.50.0-win32-x64\server\plugins\org.eclipse.equinox.launcher_1.7.100.v20251111-0406.jar
Launcher Type: SUN_STANDARD

[Global flags]
    uintx AdaptiveSizePolicyWeight                 = 90                                        {product} {command line}
     intx CICompilerCount                          = 3                                         {product} {ergonomic}
    uintx GCTimeRatio                              = 4                                         {product} {command line}
     bool HeapDumpOnOutOfMemoryError               = true                                   {manageable} {command line}
    ccstr HeapDumpPath                             = c:\Users\DELL\AppData\Roaming\Cursor\User\workspaceStorage\5e175172b84a846027778c04907af16c\redhat.java         {manageable} {command line}
   size_t InitialHeapSize                          = 104857600                                 {product} {command line}
   size_t MaxHeapSize                              = 2147483648                                {product} {command line}
   size_t MaxNewSize                               = 715653120                                 {product} {ergonomic}
   size_t MinHeapDeltaBytes                        = 524288                                    {product} {ergonomic}
   size_t MinHeapSize                              = 104857600                                 {product} {command line}
   size_t NewSize                                  = 34603008                                  {product} {ergonomic}
    uintx NonNMethodCodeHeapSize                   = 5832780                                {pd product} {ergonomic}
    uintx NonProfiledCodeHeapSize                  = 122912730                              {pd product} {ergonomic}
   size_t OldSize                                  = 70254592                                  {product} {ergonomic}
    uintx ProfiledCodeHeapSize                     = 122912730                              {pd product} {ergonomic}
    uintx ReservedCodeCacheSize                    = 251658240                              {pd product} {ergonomic}
     bool SegmentedCodeCache                       = true                                      {product} {ergonomic}
   size_t SoftMaxHeapSize                          = 2147483648                             {manageable} {ergonomic}
     bool UseCompressedOops                        = true                           {product lp64_product} {ergonomic}
     bool UseLargePagesIndividualAllocation        = false                                  {pd product} {ergonomic}
     bool UseParallelGC                            = true                                      {product} {command line}

Logging:
Log output configuration:
 #0: stdout all=off uptime,level,tags foldmultilines=false
 #1: stderr all=off uptime,level,tags foldmultilines=false

Release file:
JAVA_VERSION="21.0.9" 
MODULES="java.base java.compiler java.datatransfer java.xml java.prefs java.desktop java.instrument java.logging java.management java.security.sasl java.naming java.rmi java.management.rmi java.net.http java.scripting java.security.jgss java.transaction.xa java.sql java.sql.rowset java.xml.crypto java.se java.smartcardio jdk.accessibility jdk.internal.jvmstat jdk.attach jdk.charsets jdk.internal.opt jdk.zipfs jdk.compiler jdk.crypto.ec jdk.crypto.cryptoki jdk.crypto.mscapi jdk.dynalink jdk.internal.ed jdk.editpad jdk.hotspot.agent jdk.httpserver jdk.internal.le jdk.internal.vm.ci jdk.internal.vm.compiler jdk.internal.vm.compiler.management jdk.jartool jdk.javadoc jdk.jcmd jdk.management jdk.management.agent jdk.jconsole jdk.jdeps jdk.jdwp.agent jdk.jdi jdk.jfr jdk.jshell jdk.jsobject jdk.jstatd jdk.localedata jdk.management.jfr jdk.naming.dns jdk.naming.rmi jdk.net jdk.nio.mapmode jdk.random jdk.sctp jdk.security.auth jdk.security.jgss jdk.unsupported jdk.unsupported.desktop jdk.xml.dom" 

Environment Variables:
PATH=C:\Program Files\Eclipse Adoptium\jdk-25.0.1.8-hotspot\bin;C:\Program Files\Common Files\Oracle\Java\javapath;C:\Windows\system32;C:\Windows;C:\Windows\System32\Wbem;C:\Windows\System32\WindowsPowerShell\v1.0\;C:\Windows\System32\OpenSSH\;C:\Users\DELL\AppData\Local\Programs\Python\Python312;C:\Users\DELL\AppData\Local\Programs\Python\Python3.12\Scripts;C:\Users\DELL\AppData\Roaming\Python\Python312\Scripts;C:\Program Files\dotnet\;C:\Program Files\cursor\resources\app\bin;C:\Program Files\Git\cmd;C:\Program Files\Common Files\Oracle\Java\javapath;C:\Windows\system32;C:\Windows;C:\Windows\System32\Wbem;C:\Windows\System32\WindowsPowerShell\v1.0\;C:\Windows\System32\OpenSSH\;C:\Users\DELL\AppData\Local\Programs\Python\Python312;C:\Users\DELL\AppData\Local\Programs\Python\Python3.12\Scripts;C:\Users\DELL\AppData\Roaming\Python\Python312\Scripts;C:\Program Files\dotnet\;C:\Program Files\cursor\resources\app\bin;C:\Users\DELL\AppData\Local\Programs\Python\Launcher\;C:\Users\DELL\AppData\Local\Microsoft\WindowsApps;C:\Users\DELL\AppData\Local\Programs\Microsoft VS Code\bin;C:\Users\DELL\AppData\Local\Python\bin;c:\Users\DELL\.cursor\extensions\ms-python.debugpy-2025.14.1-win32-x64\bundled\scripts\noConfigScripts;C:\Gradle\gradle-8.7\bin;C:\gradle\gradle-8.7\bin;C:\Users\DELL\AppData\Local\Programs\Antigravity\bin
USERNAME=DELL
OS=Windows_NT
PROCESSOR_IDENTIFIER=Intel64 Family 6 Model 58 Stepping 9, GenuineIntel
TMP=C:\Users\DELL\AppData\Local\Temp
TEMP=C:\Users\DELL\AppData\Local\Temp




Periodic native trim disabled

---------------  S Y S T E M  ---------------

OS:
 Windows 10 , 64 bit Build 19041 (10.0.19041.5915)
OS uptime: 0 days 3:29 hours

CPU: total 4 (initial active 4) (2 cores per cpu, 2 threads per core) family 6 model 58 stepping 9 microcode 0x21, cx8, cmov, fxsr, ht, mmx, sse, sse2, sse3, ssse3, sse4.1, sse4.2, popcnt, tsc, tscinvbit, avx, erms, clmul, vzeroupper, clflush, rdtscp, f16c
Processor Information for the first 4 processors :
  Max Mhz: 2400, Current Mhz: 2400, Mhz Limit: 2400

Memory: 4k page, system-wide physical 3961M (318M free)
TotalPageFile size 16249M (AvailPageFile size 38M)
current process WorkingSet (physical memory assigned to process): 140M, peak: 140M
current process commit charge ("private bytes"): 259M, peak: 266M

vm_info: OpenJDK 64-Bit Server VM (21.0.9+10-LTS) for windows-amd64 JRE (21.0.9+10-LTS), built on 2025-10-21T00:00:00Z by "admin" with unknown MS VC++:1942

END.
