#
# There is insufficient memory for the Java Runtime Environment to continue.
# Native memory allocation (malloc) failed to allocate 1048576 bytes for AllocateHeap
# Possible reasons:
#   The system is out of physical RAM or swap space
#   The process is running with CompressedOops enabled, and the Java Heap may be blocking the growth of the native heap
# Possible solutions:
#   Reduce memory load on the system
#   Increase physical memory or swap space
#   Check if swap backing store is full
#   Decrease Java heap size (-Xmx/-Xms)
#   Decrease number of Java threads
#   Decrease Java thread stack sizes (-Xss)
#   Set larger code cache with -XX:ReservedCodeCacheSize=
#   JVM is running with Unscaled Compressed Oops mode in which the Java heap is
#     placed in the first 4GB address space. The Java Heap base address is the
#     maximum limit for the native heap growth. Please use -XX:HeapBaseMinAddress
#     to set the Java Heap base and to place the Java Heap above 4GB virtual address.
# This output file may be truncated or incomplete.
#
#  Out of Memory Error (allocation.cpp:44), pid=12916, tid=14784
#
# JRE version:  (17.0.12+8) (build )
# Java VM: Java HotSpot(TM) 64-Bit Server VM (17.0.12+8-LTS-286, mixed mode, sharing, tiered, compressed oops, compressed class ptrs, g1 gc, windows-amd64)
# No core dump will be written. Minidumps are not enabled by default on client versions of Windows
#

---------------  S U M M A R Y ------------

Command Line: org.gradle.wrapper.GradleWrapperMain assembleDebug

Host: Intel(R) Core(TM) i3-3110M CPU @ 2.40GHz, 4 cores, 3G,  Windows 10 , 64 bit Build 19041 (10.0.19041.5915)
Time: Sun Dec  7 16:41:36 2025 E. Africa Standard Time elapsed time: 0.037913 seconds (0d 0h 0m 0s)

---------------  T H R E A D  ---------------

Current thread (0x000002163199e1b0):  JavaThread "Unknown thread" [_thread_in_vm, id=14784, stack(0x0000008cac100000,0x0000008cac200000)]

Stack: [0x0000008cac100000,0x0000008cac200000]
Native frames: (J=compiled Java code, j=interpreted, Vv=VM code, C=native code)
V  [jvm.dll+0x67a04a]
V  [jvm.dll+0x7da4ed]
V  [jvm.dll+0x7dbe33]
V  [jvm.dll+0x7dc4a3]
V  [jvm.dll+0x24508f]
V  [jvm.dll+0xa5e2b]
V  [jvm.dll+0x2d4e37]
V  [jvm.dll+0x7ac9ec]
V  [jvm.dll+0x367591]
V  [jvm.dll+0x78b999]
V  [jvm.dll+0x3ec83f]
V  [jvm.dll+0x3ee471]
C  [jli.dll+0x5297]
C  [ucrtbase.dll+0x21bb2]
C  [KERNEL32.DLL+0x17374]
C  [ntdll.dll+0x4cc91]


---------------  P R O C E S S  ---------------

Threads class SMR info:
_java_thread_list=0x00007ffab2257a18, length=0, elements={
}

Java Threads: ( => current thread )

Other Threads:

=>0x000002163199e1b0 (exited) JavaThread "Unknown thread" [_thread_in_vm, id=14784, stack(0x0000008cac100000,0x0000008cac200000)]

Threads with active compile tasks:

VM state: not at safepoint (not fully initialized)

VM Mutex/Monitor currently owned by a thread: None

Heap address: 0x0000000000000000, size: 0 MB, Compressed Oops mode: 32-bit

CDS archive(s) mapped at: [0x0000000000000000-0x0000000000000000-0x0000000000000000), size 0, SharedBaseAddress: 0x0000000800000000, ArchiveRelocationMode: 1.
Narrow klass base: 0x0000000000000000, Narrow klass shift: 0, Narrow klass range: 0x0

GC Precious Log:
<Empty>

GC Heap History (0 events):
No events

Deoptimization events (0 events):
No events

Classes unloaded (0 events):
No events

Classes redefined (0 events):
No events

Internal exceptions (0 events):
No events

VM Operations (0 events):
No events

Events (1 events):
Event: 0.022 Loaded shared library C:\Program Files\Java\jdk-17\bin\java.dll


Dynamic libraries:
0x00007ff6eb3f0000 - 0x00007ff6eb400000 	C:\Program Files\Java\jdk-17\bin\java.exe
0x00007ffb2f070000 - 0x00007ffb2f268000 	C:\Windows\SYSTEM32\ntdll.dll
0x00007ffb02e70000 - 0x00007ffb02e90000 	C:\Program Files\Avast Software\Avast\aswhook.dll
0x00007ffb2e1f0000 - 0x00007ffb2e2b2000 	C:\Windows\System32\KERNEL32.DLL
0x00007ffb2cc50000 - 0x00007ffb2cf46000 	C:\Windows\System32\KERNELBASE.dll
0x00007ffb2c700000 - 0x00007ffb2c800000 	C:\Windows\System32\ucrtbase.dll
0x00007ffb28610000 - 0x00007ffb2862b000 	C:\Program Files\Java\jdk-17\bin\VCRUNTIME140.dll
0x00007ffb28550000 - 0x00007ffb28569000 	C:\Program Files\Java\jdk-17\bin\jli.dll
0x00007ffb2e6d0000 - 0x00007ffb2e781000 	C:\Windows\System32\ADVAPI32.dll
0x00007ffb2e150000 - 0x00007ffb2e1ee000 	C:\Windows\System32\msvcrt.dll
0x00007ffb2e5f0000 - 0x00007ffb2e68f000 	C:\Windows\System32\sechost.dll
0x00007ffb2e4d0000 - 0x00007ffb2e5f0000 	C:\Windows\System32\RPCRT4.dll
0x00007ffb2c800000 - 0x00007ffb2c827000 	C:\Windows\System32\bcrypt.dll
0x00007ffb2e2c0000 - 0x00007ffb2e461000 	C:\Windows\System32\USER32.dll
0x00007ffb2ca60000 - 0x00007ffb2ca82000 	C:\Windows\System32\win32u.dll
0x00007ffb2e690000 - 0x00007ffb2e6bb000 	C:\Windows\System32\GDI32.dll
0x00007ffb2cb30000 - 0x00007ffb2cc49000 	C:\Windows\System32\gdi32full.dll
0x00007ffb1c890000 - 0x00007ffb1cb2b000 	C:\Windows\WinSxS\amd64_microsoft.windows.common-controls_6595b64144ccf1df_6.0.19041.6456_none_60b8a6cb71f64256\COMCTL32.dll
0x00007ffb2ca90000 - 0x00007ffb2cb2d000 	C:\Windows\System32\msvcp_win.dll
0x00007ffb25530000 - 0x00007ffb2553a000 	C:\Windows\SYSTEM32\VERSION.dll
0x00007ffb2ed10000 - 0x00007ffb2ed3f000 	C:\Windows\System32\IMM32.DLL
0x00007ffb28600000 - 0x00007ffb2860c000 	C:\Program Files\Java\jdk-17\bin\vcruntime140_1.dll
0x00007ffb13680000 - 0x00007ffb1370e000 	C:\Program Files\Java\jdk-17\bin\msvcp140.dll
0x00007ffab17a0000 - 0x00007ffab2380000 	C:\Program Files\Java\jdk-17\bin\server\jvm.dll
0x00007ffb2d390000 - 0x00007ffb2d398000 	C:\Windows\System32\PSAPI.DLL
0x00007ffb1da60000 - 0x00007ffb1da69000 	C:\Windows\SYSTEM32\WSOCK32.dll
0x00007ffb123b0000 - 0x00007ffb123d7000 	C:\Windows\SYSTEM32\WINMM.dll
0x00007ffb2de70000 - 0x00007ffb2dedb000 	C:\Windows\System32\WS2_32.dll
0x00007ffb2a570000 - 0x00007ffb2a582000 	C:\Windows\SYSTEM32\kernel.appcore.dll
0x00007ffb27b60000 - 0x00007ffb27b6a000 	C:\Program Files\Java\jdk-17\bin\jimage.dll
0x00007ffb24460000 - 0x00007ffb24661000 	C:\Windows\SYSTEM32\DBGHELP.DLL
0x00007ffb243b0000 - 0x00007ffb243e4000 	C:\Windows\SYSTEM32\dbgcore.DLL
0x00007ffb2d000000 - 0x00007ffb2d082000 	C:\Windows\System32\bcryptPrimitives.dll
0x00007ffb18bd0000 - 0x00007ffb18bf5000 	C:\Program Files\Java\jdk-17\bin\java.dll

dbghelp: loaded successfully - version: 4.0.5 - missing functions: none
symbol engine: initialized successfully - sym options: 0x614 - pdb path: .;C:\Program Files\Java\jdk-17\bin;C:\Windows\SYSTEM32;C:\Program Files\Avast Software\Avast;C:\Windows\WinSxS\amd64_microsoft.windows.common-controls_6595b64144ccf1df_6.0.19041.6456_none_60b8a6cb71f64256;C:\Program Files\Java\jdk-17\bin\server

VM Arguments:
java_command: org.gradle.wrapper.GradleWrapperMain assembleDebug
java_class_path (initial): C:\Users\DELL\Desktop\sas management system\android_app\android_webview_app\gradle\wrapper\gradle-wrapper.jar
Launcher Type: SUN_STANDARD

[Global flags]
     intx CICompilerCount                          = 3                                         {product} {ergonomic}
     uint ConcGCThreads                            = 1                                         {product} {ergonomic}
     uint G1ConcRefinementThreads                  = 4                                         {product} {ergonomic}
   size_t G1HeapRegionSize                         = 1048576                                   {product} {ergonomic}
    uintx GCDrainStackTargetSize                   = 64                                        {product} {ergonomic}
   size_t InitialHeapSize                          = 65011712                                  {product} {ergonomic}
   size_t MarkStackSize                            = 4194304                                   {product} {ergonomic}
   size_t MaxHeapSize                              = 1040187392                                {product} {ergonomic}
   size_t MinHeapDeltaBytes                        = 1048576                                   {product} {ergonomic}
   size_t MinHeapSize                              = 8388608                                   {product} {ergonomic}
    uintx NonNMethodCodeHeapSize                   = 5832780                                {pd product} {ergonomic}
    uintx NonProfiledCodeHeapSize                  = 122912730                              {pd product} {ergonomic}
    uintx ProfiledCodeHeapSize                     = 122912730                              {pd product} {ergonomic}
    uintx ReservedCodeCacheSize                    = 251658240                              {pd product} {ergonomic}
     bool SegmentedCodeCache                       = true                                      {product} {ergonomic}
   size_t SoftMaxHeapSize                          = 1040187392                             {manageable} {ergonomic}
     bool UseCompressedClassPointers               = true                           {product lp64_product} {ergonomic}
     bool UseCompressedOops                        = true                           {product lp64_product} {ergonomic}
     bool UseG1GC                                  = true                                      {product} {ergonomic}
     bool UseLargePagesIndividualAllocation        = false                                  {pd product} {ergonomic}

Logging:
Log output configuration:
 #0: stdout all=warning uptime,level,tags
 #1: stderr all=off uptime,level,tags

Environment Variables:
CLASSPATH=C:\Users\DELL\Desktop\sas management system\android_app\android_webview_app\gradle\wrapper\gradle-wrapper.jar
PATH=C:\Program Files\Eclipse Adoptium\jdk-25.0.1.8-hotspot\bin;C:\Program Files\Common Files\Oracle\Java\javapath;C:\Windows\system32;C:\Windows;C:\Windows\System32\Wbem;C:\Windows\System32\WindowsPowerShell\v1.0\;C:\Windows\System32\OpenSSH\;C:\Users\DELL\AppData\Local\Programs\Python\Python312;C:\Users\DELL\AppData\Local\Programs\Python\Python3.12\Scripts;C:\Users\DELL\AppData\Roaming\Python\Python312\Scripts;C:\Program Files\dotnet\;C:\Program Files\cursor\resources\app\bin;C:\Program Files\Git\cmd;C:\Program Files\Common Files\Oracle\Java\javapath;C:\Windows\system32;C:\Windows;C:\Windows\System32\Wbem;C:\Windows\System32\WindowsPowerShell\v1.0\;C:\Windows\System32\OpenSSH\;C:\Users\DELL\AppData\Local\Programs\Python\Python312;C:\Users\DELL\AppData\Local\Programs\Python\Python3.12\Scripts;C:\Users\DELL\AppData\Roaming\Python\Python312\Scripts;C:\Program Files\dotnet\;C:\Program Files\cursor\resources\app\bin;C:\Users\DELL\AppData\Local\Programs\Python\Launcher\;C:\Users\DELL\AppData\Local\Microsoft\WindowsApps;C:\Users\DELL\AppData\Local\Programs\Microsoft VS Code\bin;C:\Users\DELL\AppData\Local\Python\bin;c:\Users\DELL\.cursor\extensions\ms-python.debugpy-2025.14.1-win32-x64\bundled\scripts\noConfigScripts;C:\Gradle\gradle-8.7\bin;C:\gradle\gradle-8.7\bin;c:\Users\DELL\.cursor\extensions\vscjava.vscode-java-debug-0.58.3-universal\bundled\scripts\noConfigScripts;c:\Users\DELL\.cursor\extensions\ms-python.debugpy-2025.14.1-win32-x64\bundled\scripts\noConfigScripts
USERNAME=DELL
LANG=en_US.UTF-8
OS=Windows_NT
PROCESSOR_IDENTIFIER=Intel64 Family 6 Model 58 Stepping 9, GenuineIntel



---------------  S Y S T E M  ---------------

OS:
 Windows 10 , 64 bit Build 19041 (10.0.19041.5915)
OS uptime: 0 days 2:11 hours

CPU: total 4 (initial active 4) (2 cores per cpu, 2 threads per core) family 6 model 58 stepping 9 microcode 0x21, cx8, cmov, fxsr, ht, mmx, sse, sse2, sse3, ssse3, sse4.1, sse4.2, popcnt, tsc, tscinvbit, avx, erms, clmul, vzeroupper, clflush

Memory: 4k page, system-wide physical 3961M (311M free)
TotalPageFile size 16249M (AvailPageFile size 4M)
current process WorkingSet (physical memory assigned to process): 9M, peak: 9M
current process commit charge ("private bytes"): 11M, peak: 12M

vm_info: Java HotSpot(TM) 64-Bit Server VM (17.0.12+8-LTS-286) for windows-amd64 JRE (17.0.12+8-LTS-286), built on Jun  5 2024 06:46:59 by "mach5one" with MS VC++ 17.6 (VS2022)

END.
